<?xml version="1.0" encoding="UTF-8"?>
<!-- Generated by org.testng.reporters.JUnitXMLReporter -->
<testsuite ignored="0" hostname="admin" failures="0" tests="4" name="Test" time="51.854" errors="0" timestamp="2022-08-05T10:07:33 IST">
  <testcase classname="com.SauceDemoTestClass.VerifyBagProductAddtocartFunctionality" name="homePageFunctionality" time="0.687"/>
  <testcase classname="com.SauceDemoTestClass.VerifyLoginFunctionality" name="loginFunctionality" time="0.634"/>
  <testcase classname="com.SauceDemoTestClass.VerifyMultipleProductAddtocartfunctionality" name="multipleProductAddToCart" time="1.505"/>
  <testcase classname="com.SauceDemoTestClass.VerifyLogOutFunctionality" name="logOutFunctionality" time="2.493"/>
</testsuite> <!-- Test -->
